<?xml version="1.0" encoding="UTF-8"?>
<!-- Generated by org.testng.reporters.JUnitReportReporter -->
<testsuite hostname="LAPTOP-DI1V5LOI" failures="0" tests="1" name="exercise1.Google" time="3.691" errors="0" timestamp="2022-09-20T13:09:01 CDT" skipped="0">
  <testcase classname="exercise1.Google" name="testApp" time="3.691"/>
  <system-out/>
</testsuite> <!-- exercise1.Google -->
